=================================
Fecha: 2026-03-27 21:30:40.248702
========== BACKUP ==========
Nodo: nodo1
Iniciando copia de seguridad...
Copiando archivos...
Backup finalizado

=================================
Fecha: 2026-03-27 21:32:27.481566
========== BACKUP ==========
Nodo: nodo1
Iniciando copia de seguridad...
Copiando archivos...
Backup finalizado

=================================
Fecha: 2026-03-27 22:22:41.258256
========== BACKUP ==========
Nodo: nodo1
Iniciando copia de seguridad...
Copiando archivos...
Backup finalizado

=================================
Fecha: 2026-03-27 22:49:31.717371
========== BACKUP ==========
Nodo: nodo1
Iniciando copia de seguridad...
Copiando archivos...
Backup finalizado

=================================
Fecha: 2026-03-27 22:58:03.189320
========== BACKUP ==========
Nodo: nodo1
Iniciando copia de seguridad...
Copiando archivos...
Backup finalizado

=================================
Fecha: 2026-03-27 23:04:25.348526
========== BACKUP ==========
Nodo: nodo1
Iniciando copia de seguridad...
Copiando archivos...
Backup finalizado

=================================
Fecha: 2026-03-27 23:26:37.092927
========== BACKUP ==========
Nodo: nodo1
Iniciando copia de seguridad...
Copiando archivos...
Backup finalizado

