=================================
Fecha: 2026-03-27 22:49:31.762618
========== DEPLOY ==========
Nodo: nodo1
Iniciando despliegue...
Copiando archivos de la app...
Despliegue completado

=================================
Fecha: 2026-03-27 22:58:03.287032
========== DEPLOY ==========
Nodo: nodo1
Iniciando despliegue...
Copiando archivos de la app...
Despliegue completado

=================================
Fecha: 2026-03-27 23:04:25.392193
========== DEPLOY ==========
Nodo: nodo1
Iniciando despliegue...
Copiando archivos de la app...
Despliegue completado

=================================
Fecha: 2026-03-27 23:26:37.127749
========== DEPLOY ==========
Nodo: nodo1
Iniciando despliegue...
Copiando archivos de la app...
Despliegue completado

