=================================
Fecha: 2026-03-27 21:30:40.297656
========== UPDATE ==========
Nodo: nodo1
Buscando actualizaciones...
Instalando paquetes...
Actualización terminada

=================================
Fecha: 2026-03-27 21:30:40.331922
========== UPDATE ==========
Nodo: nodo1
Buscando actualizaciones...
Instalando paquetes...
Actualización terminada

=================================
Fecha: 2026-03-27 21:32:27.522690
========== UPDATE ==========
Nodo: nodo1
Buscando actualizaciones...
Instalando paquetes...
Actualización terminada

=================================
Fecha: 2026-03-27 21:32:27.543746
========== UPDATE ==========
Nodo: nodo1
Buscando actualizaciones...
Instalando paquetes...
Actualización terminada

=================================
Fecha: 2026-03-27 22:22:41.291385
========== UPDATE ==========
Nodo: nodo1
Buscando actualizaciones...
Instalando paquetes...
Actualización terminada

=================================
Fecha: 2026-03-27 22:22:41.312361
========== UPDATE ==========
Nodo: nodo1
Buscando actualizaciones...
Instalando paquetes...
Actualización terminada

=================================
Fecha: 2026-03-27 22:49:31.744503
========== UPDATE ==========
Nodo: nodo1
Buscando actualizaciones...
Instalando paquetes...
Actualización terminada

=================================
Fecha: 2026-03-27 22:58:03.249115
========== UPDATE ==========
Nodo: nodo1
Buscando actualizaciones...
Instalando paquetes...
Actualización terminada

=================================
Fecha: 2026-03-27 23:04:25.375274
========== UPDATE ==========
Nodo: nodo1
Buscando actualizaciones...
Instalando paquetes...
Actualización terminada

=================================
Fecha: 2026-03-27 23:26:37.114225
========== UPDATE ==========
Nodo: nodo1
Buscando actualizaciones...
Instalando paquetes...
Actualización terminada

