=================================
Fecha: 2026-03-27 21:30:40.291435
========== UPDATE ==========
Nodo: nodo3
Buscando actualizaciones...
Instalando paquetes...
Actualización terminada

=================================
Fecha: 2026-03-27 21:30:40.396180
========== UPDATE ==========
Nodo: nodo3
Buscando actualizaciones...
Instalando paquetes...
Actualización terminada

=================================
Fecha: 2026-03-27 21:32:27.506360
========== UPDATE ==========
Nodo: nodo3
Buscando actualizaciones...
Instalando paquetes...
Actualización terminada

=================================
Fecha: 2026-03-27 21:32:27.573010
========== UPDATE ==========
Nodo: nodo3
Buscando actualizaciones...
Instalando paquetes...
Actualización terminada

