=================================
Fecha: 2026-03-27 21:30:40.384027
========== BACKUP ==========
Nodo: nodo2
Iniciando copia de seguridad...
Copiando archivos...
Backup finalizado

=================================
Fecha: 2026-03-27 21:32:27.573404
========== BACKUP ==========
Nodo: nodo2
Iniciando copia de seguridad...
Copiando archivos...
Backup finalizado

=================================
Fecha: 2026-03-27 22:22:41.323539
========== BACKUP ==========
Nodo: nodo2
Iniciando copia de seguridad...
Copiando archivos...
Backup finalizado

=================================
Fecha: 2026-03-27 22:49:31.778001
========== BACKUP ==========
Nodo: nodo2
Iniciando copia de seguridad...
Copiando archivos...
Backup finalizado

=================================
Fecha: 2026-03-27 22:58:03.311791
========== BACKUP ==========
Nodo: nodo2
Iniciando copia de seguridad...
Copiando archivos...
Backup finalizado

=================================
Fecha: 2026-03-27 23:04:25.417383
========== BACKUP ==========
Nodo: nodo2
Iniciando copia de seguridad...
Copiando archivos...
Backup finalizado

=================================
Fecha: 2026-03-27 23:26:37.143738
========== BACKUP ==========
Nodo: nodo2
Iniciando copia de seguridad...
Copiando archivos...
Backup finalizado

