=================================
Fecha: 2026-03-27 21:30:40.264977
========== DEPLOY ==========
Nodo: nodo2
Iniciando despliegue...
Copiando archivos de la app...
Despliegue completado

=================================
Fecha: 2026-03-27 21:32:27.489357
========== DEPLOY ==========
Nodo: nodo2
Iniciando despliegue...
Copiando archivos de la app...
Despliegue completado

=================================
Fecha: 2026-03-27 22:22:41.271192
========== DEPLOY ==========
Nodo: nodo2
Iniciando despliegue...
Copiando archivos de la app...
Despliegue completado

=================================
Fecha: 2026-03-27 22:49:31.723421
========== DEPLOY ==========
Nodo: nodo2
Iniciando despliegue...
Copiando archivos de la app...
Despliegue completado

=================================
Fecha: 2026-03-27 22:49:31.767890
========== DEPLOY ==========
Nodo: nodo2
Iniciando despliegue...
Copiando archivos de la app...
Despliegue completado

=================================
Fecha: 2026-03-27 22:58:03.202869
========== DEPLOY ==========
Nodo: nodo2
Iniciando despliegue...
Copiando archivos de la app...
Despliegue completado

=================================
Fecha: 2026-03-27 22:58:03.299398
========== DEPLOY ==========
Nodo: nodo2
Iniciando despliegue...
Copiando archivos de la app...
Despliegue completado

=================================
Fecha: 2026-03-27 23:04:25.356744
========== DEPLOY ==========
Nodo: nodo2
Iniciando despliegue...
Copiando archivos de la app...
Despliegue completado

=================================
Fecha: 2026-03-27 23:04:25.400142
========== DEPLOY ==========
Nodo: nodo2
Iniciando despliegue...
Copiando archivos de la app...
Despliegue completado

=================================
Fecha: 2026-03-27 23:26:37.099805
========== DEPLOY ==========
Nodo: nodo2
Iniciando despliegue...
Copiando archivos de la app...
Despliegue completado

=================================
Fecha: 2026-03-27 23:26:37.132619
========== DEPLOY ==========
Nodo: nodo2
Iniciando despliegue...
Copiando archivos de la app...
Despliegue completado

