=================================
Fecha: 2026-03-27 21:30:40.307637
========== UPDATE ==========
Nodo: nodo2
Buscando actualizaciones...
Instalando paquetes...
Actualización terminada

=================================
Fecha: 2026-03-27 21:30:40.366838
========== UPDATE ==========
Nodo: nodo2
Buscando actualizaciones...
Instalando paquetes...
Actualización terminada

=================================
Fecha: 2026-03-27 21:32:27.532419
========== UPDATE ==========
Nodo: nodo2
Buscando actualizaciones...
Instalando paquetes...
Actualización terminada

=================================
Fecha: 2026-03-27 21:32:27.556716
========== UPDATE ==========
Nodo: nodo2
Buscando actualizaciones...
Instalando paquetes...
Actualización terminada

=================================
Fecha: 2026-03-27 22:22:41.302742
========== UPDATE ==========
Nodo: nodo2
Buscando actualizaciones...
Instalando paquetes...
Actualización terminada

=================================
Fecha: 2026-03-27 22:22:41.317648
========== UPDATE ==========
Nodo: nodo2
Buscando actualizaciones...
Instalando paquetes...
Actualización terminada

=================================
Fecha: 2026-03-27 22:49:31.750720
========== UPDATE ==========
Nodo: nodo2
Buscando actualizaciones...
Instalando paquetes...
Actualización terminada

=================================
Fecha: 2026-03-27 22:58:03.271834
========== UPDATE ==========
Nodo: nodo2
Buscando actualizaciones...
Instalando paquetes...
Actualización terminada

=================================
Fecha: 2026-03-27 23:04:25.382866
========== UPDATE ==========
Nodo: nodo2
Buscando actualizaciones...
Instalando paquetes...
Actualización terminada

=================================
Fecha: 2026-03-27 23:26:37.120650
========== UPDATE ==========
Nodo: nodo2
Buscando actualizaciones...
Instalando paquetes...
Actualización terminada

